0 info it worked if it ends with ok
1 verbose cli [ '/usr/bin/node', '/usr/bin/npm', 'install', 'bootsctrap' ]
2 info using npm@1.4.28
3 info using node@v0.10.35
4 verbose cache add [ 'bootsctrap', null ]
5 verbose cache add name=undefined spec="bootsctrap" args=["bootsctrap",null]
6 verbose parsed url { protocol: null,
6 verbose parsed url   slashes: null,
6 verbose parsed url   auth: null,
6 verbose parsed url   host: null,
6 verbose parsed url   port: null,
6 verbose parsed url   hostname: null,
6 verbose parsed url   hash: null,
6 verbose parsed url   search: null,
6 verbose parsed url   query: null,
6 verbose parsed url   pathname: 'bootsctrap',
6 verbose parsed url   path: 'bootsctrap',
6 verbose parsed url   href: 'bootsctrap' }
7 silly lockFile 84884680-bootsctrap bootsctrap
8 verbose lock bootsctrap /home1/hwangkm/.npm/84884680-bootsctrap.lock
9 silly lockFile 84884680-bootsctrap bootsctrap
10 silly lockFile 84884680-bootsctrap bootsctrap
11 verbose addNamed [ 'bootsctrap', '' ]
12 verbose addNamed [ null, '*' ]
13 silly lockFile fc696cd1-bootsctrap bootsctrap@
14 verbose lock bootsctrap@ /home1/hwangkm/.npm/fc696cd1-bootsctrap.lock
15 silly addNameRange { name: 'bootsctrap', range: '*', hasData: false }
16 verbose request where is /bootsctrap
17 verbose request registry https://registry.npmjs.org/
18 verbose request id 69478c3b1c1eea70
19 verbose url raw /bootsctrap
20 verbose url resolving [ 'https://registry.npmjs.org/', './bootsctrap' ]
21 verbose url resolved https://registry.npmjs.org/bootsctrap
22 verbose request where is https://registry.npmjs.org/bootsctrap
23 info trying registry request attempt 1 at 15:59:04
24 http GET https://registry.npmjs.org/bootsctrap
25 http 404 https://registry.npmjs.org/bootsctrap
26 silly registry.get cb [ 404,
26 silly registry.get   { 'content-type': 'application/json',
26 silly registry.get     'cache-control': 'max-age=0',
26 silly registry.get     'content-length': '2',
26 silly registry.get     'accept-ranges': 'bytes',
26 silly registry.get     date: 'Sun, 03 Jan 2016 07:10:53 GMT',
26 silly registry.get     via: '1.1 varnish',
26 silly registry.get     age: '0',
26 silly registry.get     connection: 'keep-alive',
26 silly registry.get     'x-served-by': 'cache-nrt6121-NRT',
26 silly registry.get     'x-cache': 'MISS',
26 silly registry.get     'x-cache-hits': '0',
26 silly registry.get     'x-timer': 'S1451805053.411972,VS0,VE120' } ]
27 silly lockFile fc696cd1-bootsctrap bootsctrap@
28 silly lockFile fc696cd1-bootsctrap bootsctrap@
29 error 404 Not Found
29 error 404
29 error 404 'bootsctrap' is not in the npm registry.
29 error 404 You should bug the author to publish it
29 error 404
29 error 404 Note that you can also install from a
29 error 404 tarball, folder, or http url, or git url.
30 error System Linux 2.6.32-504.1.3.el6.x86_64
31 error command "/usr/bin/node" "/usr/bin/npm" "install" "bootsctrap"
32 error cwd /home1/hwangkm/http/collective-agreement-database/contribute
33 error node -v v0.10.35
34 error npm -v 1.4.28
35 error code E404
36 verbose exit [ 1, true ]
