0 info it worked if it ends with ok
1 verbose cli [ '/usr/bin/node',
1 verbose cli   '/usr/bin/npm',
1 verbose cli   'install',
1 verbose cli   '-save',
1 verbose cli   'react-devtools' ]
2 info using npm@1.4.28
3 info using node@v0.10.35
4 verbose cache add [ 'react-devtools', null ]
5 verbose cache add name=undefined spec="react-devtools" args=["react-devtools",null]
6 verbose parsed url { protocol: null,
6 verbose parsed url   slashes: null,
6 verbose parsed url   auth: null,
6 verbose parsed url   host: null,
6 verbose parsed url   port: null,
6 verbose parsed url   hostname: null,
6 verbose parsed url   hash: null,
6 verbose parsed url   search: null,
6 verbose parsed url   query: null,
6 verbose parsed url   pathname: 'react-devtools',
6 verbose parsed url   path: 'react-devtools',
6 verbose parsed url   href: 'react-devtools' }
7 silly lockFile 2aeecb53-react-devtools react-devtools
8 verbose lock react-devtools /home1/hwangkm/.npm/2aeecb53-react-devtools.lock
9 silly lockFile 2aeecb53-react-devtools react-devtools
10 silly lockFile 2aeecb53-react-devtools react-devtools
11 verbose addNamed [ 'react-devtools', '' ]
12 verbose addNamed [ null, '*' ]
13 silly lockFile 92497d8f-react-devtools react-devtools@
14 verbose lock react-devtools@ /home1/hwangkm/.npm/92497d8f-react-devtools.lock
15 silly addNameRange { name: 'react-devtools', range: '*', hasData: false }
16 verbose request where is /react-devtools
17 verbose request registry https://registry.npmjs.org/
18 verbose request id 3a17469d2f52916f
19 verbose url raw /react-devtools
20 verbose url resolving [ 'https://registry.npmjs.org/', './react-devtools' ]
21 verbose url resolved https://registry.npmjs.org/react-devtools
22 verbose request where is https://registry.npmjs.org/react-devtools
23 info trying registry request attempt 1 at 22:33:29
24 http GET https://registry.npmjs.org/react-devtools
25 http 404 https://registry.npmjs.org/react-devtools
26 silly registry.get cb [ 404,
26 silly registry.get   { 'content-type': 'application/json',
26 silly registry.get     'cache-control': 'max-age=0',
26 silly registry.get     'content-length': '2',
26 silly registry.get     'accept-ranges': 'bytes',
26 silly registry.get     date: 'Sat, 02 Jan 2016 13:45:16 GMT',
26 silly registry.get     via: '1.1 varnish',
26 silly registry.get     age: '0',
26 silly registry.get     connection: 'keep-alive',
26 silly registry.get     'x-served-by': 'cache-nrt6134-NRT',
26 silly registry.get     'x-cache': 'MISS',
26 silly registry.get     'x-cache-hits': '0',
26 silly registry.get     'x-timer': 'S1451742315.908788,VS0,VE492' } ]
27 silly lockFile 92497d8f-react-devtools react-devtools@
28 silly lockFile 92497d8f-react-devtools react-devtools@
29 error 404 Not Found
29 error 404
29 error 404 'react-devtools' is not in the npm registry.
29 error 404 You should bug the author to publish it
29 error 404
29 error 404 Note that you can also install from a
29 error 404 tarball, folder, or http url, or git url.
30 error System Linux 2.6.32-504.1.3.el6.x86_64
31 error command "/usr/bin/node" "/usr/bin/npm" "install" "-save" "react-devtools"
32 error cwd /home1/hwangkm/http/collective-agreement-database/resources
33 error node -v v0.10.35
34 error npm -v 1.4.28
35 error code E404
36 verbose exit [ 1, true ]
